Assembler report for TP1
Wed Sep 22 17:55:32 2021
Quartus Prime Version 20.1.0 Build 711 06/05/2020 SJ Lite Edition


---------------------
; Table of Contents ;
---------------------
  1. Legal Notice
  2. Assembler Summary
  3. Assembler Settings
  4. Assembler Generated Files
  5. Assembler Device Options: E:/UTBM/SY41/TP/TP1/2. Implantation sur circuit programmable/2.1 Saisie du schéma logique additionneur 1 bit sur logiciel/output_files/TP1.sof
  6. Assembler Messages



----------------
; Legal Notice ;
----------------
Copyright (C) 2020  Intel Corporation. All rights reserved.
Your use of Intel Corporation's design tools, logic functions 
and other software and tools, and any partner logic 
functions, and any output files from any of the foregoing 
(including device programming or simulation files), and any 
associated documentation or information are expressly subject 
to the terms and conditions of the Intel Program License 
Subscription Agreement, the Intel Quartus Prime License Agreement,
the Intel FPGA IP License Agreement, or other applicable license
agreement, including, without limitation, that your use is for
the sole purpose of programming logic devices manufactured by
Intel and sold by Intel or its authorized distributors.  Please
refer to the applicable agreement for further details, at
https://fpgasoftware.intel.com/eula.



+---------------------------------------------------------------+
; Assembler Summary                                             ;
+-----------------------+---------------------------------------+
; Assembler Status      ; Successful - Wed Sep 22 17:55:32 2021 ;
; Revision Name         ; TP1                                   ;
; Top-level Entity Name ; TP1                                   ;
; Family                ; MAX 10                                ;
; Device                ; 10M50DAF484C7G                        ;
+-----------------------+---------------------------------------+


+----------------------------------+
; Assembler Settings               ;
+--------+---------+---------------+
; Option ; Setting ; Default Value ;
+--------+---------+---------------+


+------------------------------------------------------------------------------------------------------------------------------------------------+
; Assembler Generated Files                                                                                                                      ;
+------------------------------------------------------------------------------------------------------------------------------------------------+
; File Name                                                                                                                                      ;
+------------------------------------------------------------------------------------------------------------------------------------------------+
; E:/UTBM/SY41/TP/TP1/2. Implantation sur circuit programmable/2.1 Saisie du schéma logique additionneur 1 bit sur logiciel/output_files/TP1.sof ;
+------------------------------------------------------------------------------------------------------------------------------------------------+


+--------------------------------------------------------------------------------------------------------------------------------------------------------------------------+
; Assembler Device Options: E:/UTBM/SY41/TP/TP1/2. Implantation sur circuit programmable/2.1 Saisie du schéma logique additionneur 1 bit sur logiciel/output_files/TP1.sof ;
+----------------+---------------------------------------------------------------------------------------------------------------------------------------------------------+
; Option         ; Setting                                                                                                                                                 ;
+----------------+---------------------------------------------------------------------------------------------------------------------------------------------------------+
; JTAG usercode  ; 0x0026D6F2                                                                                                                                              ;
; Checksum       ; 0x0026D6F2                                                                                                                                              ;
+----------------+---------------------------------------------------------------------------------------------------------------------------------------------------------+


+--------------------+
; Assembler Messages ;
+--------------------+
Info: *******************************************************************
Info: Running Quartus Prime Assembler
    Info: Version 20.1.0 Build 711 06/05/2020 SJ Lite Edition
    Info: Processing started: Wed Sep 22 17:55:27 2021
Info: Command: quartus_asm --read_settings_files=off --write_settings_files=off TP1 -c TP1
Warning (18236): Number of processors has not been specified which may cause overloading on shared machines.  Set the global assignment NUM_PARALLEL_PROCESSORS in your QSF to an appropriate value for best performance.
Info (115031): Writing out detailed assembly data for power analysis
Info (115030): Assembler is generating device programming files
Info: Quartus Prime Assembler was successful. 0 errors, 1 warning
    Info: Peak virtual memory: 4695 megabytes
    Info: Processing ended: Wed Sep 22 17:55:32 2021
    Info: Elapsed time: 00:00:05
    Info: Total CPU time (on all processors): 00:00:04


